  Process "parser.y" bison file
  Process "scanner.l" flex file
  scanner.cpp
c:\users\n1408364\source\repos\mycode\thursday5js1\thursday5js1\parser.y(14): error C2143: syntax error: missing ';' before '*'
c:\users\n1408364\source\repos\mycode\thursday5js1\thursday5js1\parser.y(14): error C4430: missing type specifier - int assumed. Note: C++ does not support default-int
c:\users\n1408364\source\repos\mycode\thursday5js1\thursday5js1\parser.y(14): error C2238: unexpected token(s) preceding ';'
c:\users\n1408364\source\repos\mycode\thursday5js1\thursday5js1\parser.y(15): error C2143: syntax error: missing ';' before '*'
c:\users\n1408364\source\repos\mycode\thursday5js1\thursday5js1\parser.y(15): error C4430: missing type specifier - int assumed. Note: C++ does not support default-int
c:\users\n1408364\source\repos\mycode\thursday5js1\thursday5js1\parser.y(15): error C2238: unexpected token(s) preceding ';'
c:\users\n1408364\source\repos\mycode\thursday5js1\thursday5js1\parser.y(16): error C2143: syntax error: missing ';' before '*'
c:\users\n1408364\source\repos\mycode\thursday5js1\thursday5js1\parser.y(16): error C4430: missing type specifier - int assumed. Note: C++ does not support default-int
c:\users\n1408364\source\repos\mycode\thursday5js1\thursday5js1\parser.y(16): error C2238: unexpected token(s) preceding ';'
c:\users\n1408364\source\repos\mycode\thursday5js1\thursday5js1\parser.y(17): error C2143: syntax error: missing ';' before '<'
c:\users\n1408364\source\repos\mycode\thursday5js1\thursday5js1\parser.y(17): error C4430: missing type specifier - int assumed. Note: C++ does not support default-int
c:\users\n1408364\source\repos\mycode\thursday5js1\thursday5js1\parser.y(17): error C2238: unexpected token(s) preceding ';'
  main.cpp
c:\users\n1408364\source\repos\mycode\thursday5js1\thursday5js1\parser.y(14): error C2143: syntax error: missing ';' before '*'
c:\users\n1408364\source\repos\mycode\thursday5js1\thursday5js1\parser.y(14): error C4430: missing type specifier - int assumed. Note: C++ does not support default-int
c:\users\n1408364\source\repos\mycode\thursday5js1\thursday5js1\parser.y(14): error C2238: unexpected token(s) preceding ';'
c:\users\n1408364\source\repos\mycode\thursday5js1\thursday5js1\parser.y(15): error C2143: syntax error: missing ';' before '*'
c:\users\n1408364\source\repos\mycode\thursday5js1\thursday5js1\parser.y(15): error C4430: missing type specifier - int assumed. Note: C++ does not support default-int
c:\users\n1408364\source\repos\mycode\thursday5js1\thursday5js1\parser.y(15): error C2238: unexpected token(s) preceding ';'
c:\users\n1408364\source\repos\mycode\thursday5js1\thursday5js1\parser.y(16): error C2143: syntax error: missing ';' before '*'
c:\users\n1408364\source\repos\mycode\thursday5js1\thursday5js1\parser.y(16): error C4430: missing type specifier - int assumed. Note: C++ does not support default-int
c:\users\n1408364\source\repos\mycode\thursday5js1\thursday5js1\parser.y(16): error C2238: unexpected token(s) preceding ';'
c:\users\n1408364\source\repos\mycode\thursday5js1\thursday5js1\parser.y(17): error C2143: syntax error: missing ';' before '<'
c:\users\n1408364\source\repos\mycode\thursday5js1\thursday5js1\parser.y(17): error C4430: missing type specifier - int assumed. Note: C++ does not support default-int
c:\users\n1408364\source\repos\mycode\thursday5js1\thursday5js1\parser.y(17): error C2238: unexpected token(s) preceding ';'
  Generating Code...
